houge/build/outputs/logs/manifest-merger-baidu-debug-report.txt
-- Merging decision tree log ---
manifest
ADDED from src/main/AndroidManifest.xml:2:1-683:12
	package
		ADDED from src/main/AndroidManifest.xml:3:5-28
		INJECTED from src/main/AndroidManifest.xml
		ADDED from src/main/AndroidManifest.xml:3:5-28
		INJECTED from src/debug/AndroidManifest.xml
	android:versionName
		ADDED from src/main/AndroidManifest.xml:6:5-32
		INJECTED from src/main/AndroidManifest.xml
		ADDED from src/main/AndroidManifest.xml:6:5-32
		INJECTED from src/debug/AndroidManifest.xml
	android:versionCode
		ADDED from src/main/AndroidManifest.xml:5:5-28
		INJECTED from src/main/AndroidManifest.xml
		ADDED from src/main/AndroidManifest.xml:5:5-28
		INJECTED from src/debug/AndroidManifest.xml
	xmlns:android
		ADDED from src/main/AndroidManifest.xml:2:11-69
	android:installLocation
		ADDED from src/main/AndroidManifest.xml:4:5-45
		ADDED from src/main/AndroidManifest.xml:4:5-45
uses-sdk
ADDED from src/main/AndroidManifest.xml:8:5-10:41
MERGED from [com.android.support:multidex:1.0.1] AndroidManifest.xml:18:5-42
MERGED from [houge-develop:mvp_refresh:unspecified] AndroidManifest.xml:7:5-9:41
MERGED from [houge-develop:androidPullToRefreshLibrary:unspecified] AndroidManifest.xml:7:5-9:40
MERGED from [houge-develop:wheel:unspecified] AndroidManifest.xml:7:5-9:40
MERGED from [houge-develop:easeUI:unspecified] AndroidManifest.xml:7:5-9:41
	android:targetSdkVersion
		ADDED from src/main/AndroidManifest.xml:10:9-38
		INJECTED from src/main/AndroidManifest.xml
		INJECTED from src/debug/AndroidManifest.xml
	android:minSdkVersion
		ADDED from src/main/AndroidManifest.xml:9:9-35
		INJECTED from src/main/AndroidManifest.xml
		INJECTED from src/debug/AndroidManifest.xml
uses-permission#android.permission.ACCESS_COARSE_LOCATION
ADDED from src/main/AndroidManifest.xml:13:5-81
	android:name
		ADDED from src/main/AndroidManifest.xml:13:22-78
uses-permission#android.permission.ACCESS_DOWNLOAD_MANAGER
ADDED from src/main/AndroidManifest.xml:14:5-82
	android:name
		ADDED from src/main/AndroidManifest.xml:14:22-79
uses-permission#android.permission.ACCESS_FINE_LOCATION
ADDED from src/main/AndroidManifest.xml:15:5-79
	android:name
		ADDED from src/main/AndroidManifest.xml:15:22-76
uses-permission#android.permission.ACCESS_NETWORK_STATE
ADDED from src/main/AndroidManifest.xml:16:5-79
	android:name
		ADDED from src/main/AndroidManifest.xml:16:22-76
uses-permission#android.permission.ACCESS_WIFI_STATE
ADDED from src/main/AndroidManifest.xml:17:5-76
	android:name
		ADDED from src/main/AndroidManifest.xml:17:22-73
uses-permission#android.permission.CAMERA
ADDED from src/main/AndroidManifest.xml:18:5-65
	android:name
		ADDED from src/main/AndroidManifest.xml:18:22-62
uses-permission#android.permission.CALL_PHONE
ADDED from src/main/AndroidManifest.xml:19:5-69
	android:name
		ADDED from src/main/AndroidManifest.xml:19:22-66
uses-permission#android.permission.CHANGE_WIFI_STATE
ADDED from src/main/AndroidManifest.xml:20:5-76
	android:name
		ADDED from src/main/AndroidManifest.xml:20:22-73
uses-permission#android.permission.DISABLE_KEYGUARD
ADDED from src/main/AndroidManifest.xml:21:5-75
	android:name
		ADDED from src/main/AndroidManifest.xml:21:22-72
uses-permission#android.permission.DOWNLOAD_WITHOUT_NOTIFICATION
ADDED from src/main/AndroidManifest.xml:22:5-88
	android:name
		ADDED from src/main/AndroidManifest.xml:22:22-85
uses-permission#android.permission.FLASHLIGHT
ADDED from src/main/AndroidManifest.xml:23:5-69
	android:name
		ADDED from src/main/AndroidManifest.xml:23:22-66
uses-permission#android.permission.GET_TASKS
ADDED from src/main/AndroidManifest.xml:24:5-68
	android:name
		ADDED from src/main/AndroidManifest.xml:24:22-65
uses-permission#android.permission.INTERNET
ADDED from src/main/AndroidManifest.xml:25:5-67
	android:name
		ADDED from src/main/AndroidManifest.xml:25:22-64
uses-permission#android.permission.MODIFY_AUDIO_SETTINGS
ADDED from src/main/AndroidManifest.xml:26:5-80
	android:name
		ADDED from src/main/AndroidManifest.xml:26:22-77
uses-permission#android.permission.MOUNT_UNMOUNT_FILESYSTEMS
ADDED from src/main/AndroidManifest.xml:27:5-84
	android:name
		ADDED from src/main/AndroidManifest.xml:27:22-81
uses-permission#android.permission.RECEIVE_BOOT_COMPLETED
ADDED from src/main/AndroidManifest.xml:28:5-81
	android:name
		ADDED from src/main/AndroidManifest.xml:28:22-78
uses-permission#android.permission.READ_LOGS
ADDED from src/main/AndroidManifest.xml:29:5-68
	android:name
		ADDED from src/main/AndroidManifest.xml:29:22-65
uses-permission#android.permission.READ_PHONE_STATE
ADDED from src/main/AndroidManifest.xml:30:5-75
	android:name
		ADDED from src/main/AndroidManifest.xml:30:22-72
uses-permission#android.permission.WRITE_SETTINGS
ADDED from src/main/AndroidManifest.xml:31:5-73
	android:name
		ADDED from src/main/AndroidManifest.xml:31:22-70
uses-permission#android.permission.RECEIVE_USER_PRESENT
ADDED from src/main/AndroidManifest.xml:32:5-79
	android:name
		ADDED from src/main/AndroidManifest.xml:32:22-76
uses-permission#android.permission.RECEIVE_SMS
ADDED from src/main/AndroidManifest.xml:33:5-70
	android:name
		ADDED from src/main/AndroidManifest.xml:33:22-67
uses-permission#android.permission.READ_CONTACTS
ADDED from src/main/AndroidManifest.xml:34:5-72
	android:name
		ADDED from src/main/AndroidManifest.xml:34:22-69
uses-permission#android.permission.RECORD_AUDIO
ADDED from src/main/AndroidManifest.xml:35:5-71
	android:name
		ADDED from src/main/AndroidManifest.xml:35:22-68
uses-permission#android.permission.SEND_SMS
ADDED from src/main/AndroidManifest.xml:36:5-67
	android:name
		ADDED from src/main/AndroidManifest.xml:36:22-64
uses-permission#android.permission.VIBRATE
ADDED from src/main/AndroidManifest.xml:37:5-66
	android:name
		ADDED from src/main/AndroidManifest.xml:37:22-63
uses-permission#android.permission.WAKE_LOCK
ADDED from src/main/AndroidManifest.xml:38:5-68
	android:name
		ADDED from src/main/AndroidManifest.xml:38:22-65
uses-permission#android.permission.UPDATE_APP_OPS_STATS
ADDED from src/main/AndroidManifest.xml:40:5-79
	android:name
		ADDED from src/main/AndroidManifest.xml:40:22-76
uses-permission#android.permission.WRITE_EXTERNAL_STORAGE
ADDED from src/main/AndroidManifest.xml:41:5-81
	android:name
		ADDED from src/main/AndroidManifest.xml:41:22-78
uses-permission#com.android.launcher.permission.READ_SETTINGS
ADDED from src/main/AndroidManifest.xml:42:5-85
	android:name
		ADDED from src/main/AndroidManifest.xml:42:22-82
uses-permission#android.permission.READ_EXTERNAL_STORAGE
ADDED from src/main/AndroidManifest.xml:43:5-80
	android:name
		ADDED from src/main/AndroidManifest.xml:43:22-77
uses-feature#android.hardware.camera
ADDED from src/main/AndroidManifest.xml:45:5-60
	android:name
		ADDED from src/main/AndroidManifest.xml:45:19-57
uses-feature#android.hardware.camera.flash
ADDED from src/main/AndroidManifest.xml:46:5-66
	android:name
		ADDED from src/main/AndroidManifest.xml:46:19-63
uses-feature#android.hardware.camera.autofocus
ADDED from src/main/AndroidManifest.xml:47:5-70
	android:name
		ADDED from src/main/AndroidManifest.xml:47:19-67
uses-permission#android.permission.BLUETOOTH
ADDED from src/main/AndroidManifest.xml:49:5-68
	android:name
		ADDED from src/main/AndroidManifest.xml:49:22-65
uses-permission#android.permission.BLUETOOTH_ADMIN
ADDED from src/main/AndroidManifest.xml:50:5-74
	android:name
		ADDED from src/main/AndroidManifest.xml:50:22-71
uses-permission#android.permission.SYSTEM_ALERT_WINDOW
ADDED from src/main/AndroidManifest.xml:52:5-78
	android:name
		ADDED from src/main/AndroidManifest.xml:52:22-75
uses-permission#getui.permission.GetuiService.com.ysp.houge
ADDED from src/main/AndroidManifest.xml:54:5-83
	android:name
		ADDED from src/main/AndroidManifest.xml:54:22-80
uses-permission#android.permission.SET_DEBUG_APP
ADDED from src/main/AndroidManifest.xml:55:5-72
	android:name
		ADDED from src/main/AndroidManifest.xml:55:22-69
uses-permission#android.permission.GET_ACCOUNTS
ADDED from src/main/AndroidManifest.xml:56:5-71
	android:name
		ADDED from src/main/AndroidManifest.xml:56:22-68
uses-permission#android.permission.USE_CREDENTIALS
ADDED from src/main/AndroidManifest.xml:57:5-74
	android:name
		ADDED from src/main/AndroidManifest.xml:57:22-71
uses-permission#android.permission.MANAGE_ACCOUNTS
ADDED from src/main/AndroidManifest.xml:58:5-74
	android:name
		ADDED from src/main/AndroidManifest.xml:58:22-71
permission#getui.permission.GetuiService.com.ysp.houge
ADDED from src/main/AndroidManifest.xml:60:5-62:55
	android:protectionLevel
		ADDED from src/main/AndroidManifest.xml:62:9-41
	android:name
		ADDED from src/main/AndroidManifest.xml:61:9-67
supports-screens
ADDED from src/main/AndroidManifest.xml:64:5-68:39
	android:largeScreens
		ADDED from src/main/AndroidManifest.xml:66:9-36
	android:smallScreens
		ADDED from src/main/AndroidManifest.xml:68:9-36
	android:normalScreens
		ADDED from src/main/AndroidManifest.xml:67:9-37
	android:anyDensity
		ADDED from src/main/AndroidManifest.xml:65:9-34
application
ADDED from src/main/AndroidManifest.xml:70:5-682:19
MERGED from [houge-develop:mvp_refresh:unspecified] AndroidManifest.xml:11:5-14:19
MERGED from [houge-develop:androidPullToRefreshLibrary:unspecified] AndroidManifest.xml:11:5-20
	android:label
		ADDED from src/main/AndroidManifest.xml:74:9-41
	android:allowBackup
		ADDED from src/main/AndroidManifest.xml:72:9-35
	android:icon
		ADDED from src/main/AndroidManifest.xml:73:9-38
	android:theme
		ADDED from src/main/AndroidManifest.xml:75:9-40
	android:name
		ADDED from src/main/AndroidManifest.xml:71:9-55
meta-data#com.baidu.lbsapi.API_KEY
ADDED from src/main/AndroidManifest.xml:78:9-80:56
	android:value
		ADDED from src/main/AndroidManifest.xml:80:13-53
	android:name
		ADDED from src/main/AndroidManifest.xml:79:13-52
service#com.baidu.location.f
ADDED from src/main/AndroidManifest.xml:82:9-85:49
	android:enabled
		ADDED from src/main/AndroidManifest.xml:84:13-35
	android:process
		ADDED from src/main/AndroidManifest.xml:85:13-38
	android:name
		ADDED from src/main/AndroidManifest.xml:83:13-48
meta-data#EASEMOB_APPKEY
ADDED from src/main/AndroidManifest.xml:88:9-90:46
	android:value
		ADDED from src/main/AndroidManifest.xml:90:13-43
	android:name
		ADDED from src/main/AndroidManifest.xml:89:13-42
service#com.easemob.chat.EMChatService
ADDED from src/main/AndroidManifest.xml:93:9-66
	android:name
		ADDED from src/main/AndroidManifest.xml:93:18-63
receiver#com.easemob.chat.EMMonitorReceiver
ADDED from src/main/AndroidManifest.xml:95:9-106:20
	android:name
		ADDED from src/main/AndroidManifest.xml:95:19-68
intent-filter#android.intent.action.PACKAGE_REMOVED
ADDED from src/main/AndroidManifest.xml:96:13-100:29
action#android.intent.action.PACKAGE_REMOVED
ADDED from src/main/AndroidManifest.xml:97:17-80
	android:name
		ADDED from src/main/AndroidManifest.xml:97:25-77
data
ADDED from src/main/AndroidManifest.xml:99:17-50
	android:scheme
		ADDED from src/main/AndroidManifest.xml:99:23-47
intent-filter#android.intent.action.BOOT_COMPLETED+android.intent.action.USER_PRESENT
ADDED from src/main/AndroidManifest.xml:102:13-105:29
action#android.intent.action.BOOT_COMPLETED
ADDED from src/main/AndroidManifest.xml:103:17-79
	android:name
		ADDED from src/main/AndroidManifest.xml:103:25-76
action#android.intent.action.USER_PRESENT
ADDED from src/main/AndroidManifest.xml:104:17-77
	android:name
		ADDED from src/main/AndroidManifest.xml:104:25-74
meta-data#UMENG_APPKEY
ADDED from src/main/AndroidManifest.xml:109:9-111:66
	android:value
		ADDED from src/main/AndroidManifest.xml:111:13-53
	android:name
		ADDED from src/main/AndroidManifest.xml:110:13-40
meta-data#UMENG_CHANNEL
ADDED from src/main/AndroidManifest.xml:112:9-114:54
	android:value
		ADDED from src/main/AndroidManifest.xml:114:13-51
		INJECTED from src/main/AndroidManifest.xml
	android:name
		ADDED from src/main/AndroidManifest.xml:113:13-41
activity#com.ysp.houge.lisenter.WXEntryActivity
ADDED from src/main/AndroidManifest.xml:119:9-124:75
	android:screenOrientation
		ADDED from src/main/AndroidManifest.xml:123:13-49
	android:exported
		ADDED from src/main/AndroidManifest.xml:122:13-36
	android:configChanges
		ADDED from src/main/AndroidManifest.xml:121:13-74
	android:theme
		ADDED from src/main/AndroidManifest.xml:124:13-72
	android:name
		ADDED from src/main/AndroidManifest.xml:120:13-66
activity#com.ysp.houge.lisenter.WBShareActivity
ADDED from src/main/AndroidManifest.xml:126:9-134:20
	android:screenOrientation
		ADDED from src/main/AndroidManifest.xml:129:13-49
	android:configChanges
		ADDED from src/main/AndroidManifest.xml:128:13-63
	android:name
		ADDED from src/main/AndroidManifest.xml:127:13-66
intent-filter#android.intent.category.DEFAULT+com.sina.weibo.sdk.action.ACTION_SDK_REQ_ACTIVITY
ADDED from src/main/AndroidManifest.xml:130:13-133:29
action#com.sina.weibo.sdk.action.ACTION_SDK_REQ_ACTIVITY
ADDED from src/main/AndroidManifest.xml:131:17-92
	android:name
		ADDED from src/main/AndroidManifest.xml:131:25-89
category#android.intent.category.DEFAULT
ADDED from src/main/AndroidManifest.xml:132:17-76
	android:name
		ADDED from src/main/AndroidManifest.xml:132:27-73
activity#com.sina.weibo.sdk.component.WeiboSdkBrowser
ADDED from src/main/AndroidManifest.xml:135:9-139:67
	android:exported
		ADDED from src/main/AndroidManifest.xml:138:13-37
	android:windowSoftInputMode
		ADDED from src/main/AndroidManifest.xml:139:13-55
	android:configChanges
		ADDED from src/main/AndroidManifest.xml:137:13-63
	android:name
		ADDED from src/main/AndroidManifest.xml:136:13-72
activity#com.tencent.tauth.AuthActivity
ADDED from src/main/AndroidManifest.xml:145:9-157:20
	android:launchMode
		ADDED from src/main/AndroidManifest.xml:147:13-44
	android:noHistory
		ADDED from src/main/AndroidManifest.xml:148:13-37
	android:name
		ADDED from src/main/AndroidManifest.xml:146:13-58
intent-filter#android.intent.action.VIEW+android.intent.category.BROWSABLE+android.intent.category.DEFAULT
ADDED from src/main/AndroidManifest.xml:149:13-156:29
action#android.intent.action.VIEW
ADDED from src/main/AndroidManifest.xml:150:17-69
	android:name
		ADDED from src/main/AndroidManifest.xml:150:25-66
category#android.intent.category.BROWSABLE
ADDED from src/main/AndroidManifest.xml:153:17-78
	android:name
		ADDED from src/main/AndroidManifest.xml:153:27-75
activity#com.tencent.connect.common.AssistActivity
ADDED from src/main/AndroidManifest.xml:158:9-161:75
	android:screenOrientation
		ADDED from src/main/AndroidManifest.xml:160:13-49
	android:theme
		ADDED from src/main/AndroidManifest.xml:161:13-72
	android:name
		ADDED from src/main/AndroidManifest.xml:159:13-69
meta-data#PUSH_APPID
ADDED from src/main/AndroidManifest.xml:166:9-168:54
	android:value
		ADDED from src/main/AndroidManifest.xml:168:13-51
	android:name
		ADDED from src/main/AndroidManifest.xml:167:13-38
meta-data#PUSH_APPKEY
ADDED from src/main/AndroidManifest.xml:169:9-171:54
	android:value
		ADDED from src/main/AndroidManifest.xml:171:13-51
	android:name
		ADDED from src/main/AndroidManifest.xml:170:13-39
meta-data#PUSH_APPSECRET
ADDED from src/main/AndroidManifest.xml:172:9-174:54
	android:value
		ADDED from src/main/AndroidManifest.xml:174:13-51
	android:name
		ADDED from src/main/AndroidManifest.xml:173:13-42
receiver#com.ysp.houge.receiver.PushReceiver
ADDED from src/main/AndroidManifest.xml:176:9-182:20
	android:exported
		ADDED from src/main/AndroidManifest.xml:178:13-37
	android:name
		ADDED from src/main/AndroidManifest.xml:177:13-63
intent-filter#com.igexin.sdk.action.JyMFGcoh2I8tvw62OhC5G6
ADDED from src/main/AndroidManifest.xml:179:13-181:29
action#com.igexin.sdk.action.JyMFGcoh2I8tvw62OhC5G6
ADDED from src/main/AndroidManifest.xml:180:17-87
	android:name
		ADDED from src/main/AndroidManifest.xml:180:25-84
service#com.igexin.sdk.PushService
ADDED from src/main/AndroidManifest.xml:184:9-188:54
	android:process
		ADDED from src/main/AndroidManifest.xml:188:13-43
	android:label
		ADDED from src/main/AndroidManifest.xml:187:13-47
	android:exported
		ADDED from src/main/AndroidManifest.xml:186:13-36
	android:name
		ADDED from src/main/AndroidManifest.xml:185:13-54
service#com.igexin.sdk.PushServiceUser
ADDED from src/main/AndroidManifest.xml:190:9-193:62
	android:label
		ADDED from src/main/AndroidManifest.xml:193:13-51
	android:exported
		ADDED from src/main/AndroidManifest.xml:192:13-36
	android:name
		ADDED from src/main/AndroidManifest.xml:191:13-58
receiver#com.igexin.sdk.PushReceiver
ADDED from src/main/AndroidManifest.xml:195:9-206:20
	android:name
		ADDED from src/main/AndroidManifest.xml:195:19-61
intent-filter#android.intent.action.ACTION_POWER_CONNECTED+android.intent.action.ACTION_POWER_DISCONNECTED+android.intent.action.BOOT_COMPLETED+android.intent.action.MEDIA_MOUNTED+android.intent.action.USER_PRESENT+android.net.conn.CONNECTIVITY_CHANGE+com.igexin.sdk.action.refreshls
ADDED from src/main/AndroidManifest.xml:196:13-205:29
action#android.net.conn.CONNECTIVITY_CHANGE
ADDED from src/main/AndroidManifest.xml:198:17-79
	android:name
		ADDED from src/main/AndroidManifest.xml:198:25-76
action#com.igexin.sdk.action.refreshls
ADDED from src/main/AndroidManifest.xml:200:17-74
	android:name
		ADDED from src/main/AndroidManifest.xml:200:25-71
action#android.intent.action.MEDIA_MOUNTED
ADDED from src/main/AndroidManifest.xml:202:17-78
	android:name
		ADDED from src/main/AndroidManifest.xml:202:25-75
action#android.intent.action.ACTION_POWER_CONNECTED
ADDED from src/main/AndroidManifest.xml:203:17-87
	android:name
		ADDED from src/main/AndroidManifest.xml:203:25-84
action#android.intent.action.ACTION_POWER_DISCONNECTED
ADDED from src/main/AndroidManifest.xml:204:17-90
	android:name
		ADDED from src/main/AndroidManifest.xml:204:25-87
receiver#com.igexin.sdk.PushManagerReceiver
ADDED from src/main/AndroidManifest.xml:207:9-213:20
	android:exported
		ADDED from src/main/AndroidManifest.xml:209:13-37
	android:name
		ADDED from src/main/AndroidManifest.xml:208:13-62
intent-filter#com.igexin.sdk.action.pushmanager
ADDED from src/main/AndroidManifest.xml:210:13-212:29
action#com.igexin.sdk.action.pushmanager
ADDED from src/main/AndroidManifest.xml:211:17-76
	android:name
		ADDED from src/main/AndroidManifest.xml:211:25-73
activity#com.igexin.sdk.PushActivity
ADDED from src/main/AndroidManifest.xml:215:9-221:84
	android:process
		ADDED from src/main/AndroidManifest.xml:219:13-43
	android:excludeFromRecents
		ADDED from src/main/AndroidManifest.xml:217:13-46
	android:exported
		ADDED from src/main/AndroidManifest.xml:218:13-37
	android:theme
		ADDED from src/main/AndroidManifest.xml:221:13-72
	android:taskAffinity
		ADDED from src/main/AndroidManifest.xml:220:13-67
	android:name
		ADDED from src/main/AndroidManifest.xml:216:13-55
service#com.igexin.download.DownloadService
ADDED from src/main/AndroidManifest.xml:223:9-225:46
	android:process
		ADDED from src/main/AndroidManifest.xml:225:13-43
	android:name
		ADDED from src/main/AndroidManifest.xml:224:13-63
receiver#com.igexin.download.DownloadReceiver
ADDED from src/main/AndroidManifest.xml:227:9-231:20
	android:name
		ADDED from src/main/AndroidManifest.xml:227:19-70
intent-filter#android.net.conn.CONNECTIVITY_CHANGE
ADDED from src/main/AndroidManifest.xml:228:13-230:29
provider#com.igexin.download.DownloadProvider
ADDED from src/main/AndroidManifest.xml:233:9-236:46
	android:authorities
		ADDED from src/main/AndroidManifest.xml:235:13-58
	android:process
		ADDED from src/main/AndroidManifest.xml:236:13-43
	android:name
		ADDED from src/main/AndroidManifest.xml:234:13-64
activity#com.igexin.getuiext.activity.GetuiExtActivity
ADDED from src/main/AndroidManifest.xml:238:9-245:75
	android:process
		ADDED from src/main/AndroidManifest.xml:243:13-43
	android:excludeFromRecents
		ADDED from src/main/AndroidManifest.xml:241:13-46
	android:exported
		ADDED from src/main/AndroidManifest.xml:242:13-37
	android:configChanges
		ADDED from src/main/AndroidManifest.xml:240:13-72
	android:theme
		ADDED from src/main/AndroidManifest.xml:245:13-72
	android:taskAffinity
		ADDED from src/main/AndroidManifest.xml:244:13-62
	android:name
		ADDED from src/main/AndroidManifest.xml:239:13-73
receiver#com.igexin.getuiext.service.PayloadReceiver
ADDED from src/main/AndroidManifest.xml:247:9-254:20
	android:exported
		ADDED from src/main/AndroidManifest.xml:249:13-37
	android:name
		ADDED from src/main/AndroidManifest.xml:248:13-71
service#com.igexin.getuiext.service.GetuiExtService
ADDED from src/main/AndroidManifest.xml:256:9-258:46
	android:process
		ADDED from src/main/AndroidManifest.xml:258:13-43
	android:name
		ADDED from src/main/AndroidManifest.xml:257:13-71
activity#com.ysp.houge.ui.login.SplashActivity
ADDED from src/main/AndroidManifest.xml:264:9-274:20
	android:screenOrientation
		ADDED from src/main/AndroidManifest.xml:267:13-49
	android:label
		ADDED from src/main/AndroidManifest.xml:266:13-45
	android:theme
		ADDED from src/main/AndroidManifest.xml:268:13-51
	android:name
		ADDED from src/main/AndroidManifest.xml:265:13-65
intent-filter#android.intent.action.MAIN+android.intent.category.LAUNCHER
ADDED from src/main/AndroidManifest.xml:269:13-273:29
action#android.intent.action.MAIN
ADDED from src/main/AndroidManifest.xml:270:17-69
	android:name
		ADDED from src/main/AndroidManifest.xml:270:25-66
category#android.intent.category.LAUNCHER
ADDED from src/main/AndroidManifest.xml:272:17-77
	android:name
		ADDED from src/main/AndroidManifest.xml:272:27-74
activity#com.ysp.houge.ui.login.SplashGuideViewActivity
ADDED from src/main/AndroidManifest.xml:276:9-281:67
	android:screenOrientation
		ADDED from src/main/AndroidManifest.xml:279:13-49
	android:label
		ADDED from src/main/AndroidManifest.xml:278:13-45
	android:windowSoftInputMode
		ADDED from src/main/AndroidManifest.xml:281:13-55
	android:theme
		ADDED from src/main/AndroidManifest.xml:280:13-66
	android:name
		ADDED from src/main/AndroidManifest.xml:277:13-61
activity#com.ysp.houge.ui.login.LoginActivity
ADDED from src/main/AndroidManifest.xml:283:9-288:67
	android:screenOrientation
		ADDED from src/main/AndroidManifest.xml:286:13-49
	android:label
		ADDED from src/main/AndroidManifest.xml:285:13-45
	android:windowSoftInputMode
		ADDED from src/main/AndroidManifest.xml:288:13-55
	android:theme
		ADDED from src/main/AndroidManifest.xml:287:13-66
	android:name
		ADDED from src/main/AndroidManifest.xml:284:13-64
activity#com.ysp.houge.ui.login.RegisterAgreementWebView
ADDED from src/main/AndroidManifest.xml:290:9-294:67
	android:screenOrientation
		ADDED from src/main/AndroidManifest.xml:292:13-49
	android:windowSoftInputMode
		ADDED from src/main/AndroidManifest.xml:294:13-55
	android:theme
		ADDED from src/main/AndroidManifest.xml:293:13-66
	android:name
		ADDED from src/main/AndroidManifest.xml:291:13-62
activity#com.ysp.houge.ui.login.PerfectRegisterInfoActivity
ADDED from src/main/AndroidManifest.xml:296:9-300:67
	android:screenOrientation
		ADDED from src/main/AndroidManifest.xml:298:13-49
	android:windowSoftInputMode
		ADDED from src/main/AndroidManifest.xml:300:13-55
	android:theme
		ADDED from src/main/AndroidManifest.xml:299:13-66
	android:name
		ADDED from src/main/AndroidManifest.xml:297:13-78
activity#com.ysp.houge.ui.recommend.WorkTypeListActivity
ADDED from src/main/AndroidManifest.xml:302:9-306:78
	android:screenOrientation
		ADDED from src/main/AndroidManifest.xml:305:13-49
	android:label
		ADDED from src/main/AndroidManifest.xml:304:13-45
	android:theme
		ADDED from src/main/AndroidManifest.xml:306:13-66
	android:name
		ADDED from src/main/AndroidManifest.xml:303:13-75
activity#com.ysp.houge.ui.login.FindPwdActivity
ADDED from src/main/AndroidManifest.xml:308:9-313:67
	android:screenOrientation
		ADDED from src/main/AndroidManifest.xml:311:13-49
	android:label
		ADDED from src/main/AndroidManifest.xml:310:13-45
	android:windowSoftInputMode
		ADDED from src/main/AndroidManifest.xml:313:13-55
	android:theme
		ADDED from src/main/AndroidManifest.xml:312:13-66
	android:name
		ADDED from src/main/AndroidManifest.xml:309:13-66
activity#com.ysp.houge.widget.image.selector.MultiImageSelectorActivity
ADDED from src/main/AndroidManifest.xml:315:9-320:78
	android:screenOrientation
		ADDED from src/main/AndroidManifest.xml:319:13-49
	android:label
		ADDED from src/main/AndroidManifest.xml:318:13-62
	android:configChanges
		ADDED from src/main/AndroidManifest.xml:317:13-59
	android:theme
		ADDED from src/main/AndroidManifest.xml:320:13-66
	android:name
		ADDED from src/main/AndroidManifest.xml:316:13-90
activity#com.ysp.houge.ui.map.ChooseMapActivity
ADDED from src/main/AndroidManifest.xml:322:9-326:78
	android:screenOrientation
		ADDED from src/main/AndroidManifest.xml:325:13-49
	android:label
		ADDED from src/main/AndroidManifest.xml:324:13-45
	android:theme
		ADDED from src/main/AndroidManifest.xml:326:13-66
	android:name
		ADDED from src/main/AndroidManifest.xml:323:13-66
activity#com.ysp.houge.ui.recommend.RecommendNeedSettingActivity
ADDED from src/main/AndroidManifest.xml:328:9-331:78
	android:screenOrientation
		ADDED from src/main/AndroidManifest.xml:330:13-49
	android:theme
		ADDED from src/main/AndroidManifest.xml:331:13-66
	android:name
		ADDED from src/main/AndroidManifest.xml:329:13-83
activity#com.ysp.houge.ui.recommend.RecommendSkillSettingActivity
ADDED from src/main/AndroidManifest.xml:333:9-337:66
	android:screenOrientation
		ADDED from src/main/AndroidManifest.xml:335:13-49
	android:windowSoftInputMode
		ADDED from src/main/AndroidManifest.xml:337:13-54
	android:theme
		ADDED from src/main/AndroidManifest.xml:336:13-66
	android:name
		ADDED from src/main/AndroidManifest.xml:334:13-84
activity#com.ysp.houge.ui.HomeActivity
ADDED from src/main/AndroidManifest.xml:339:9-346:64
	android:screenOrientation
		ADDED from src/main/AndroidManifest.xml:344:13-49
	android:label
		ADDED from src/main/AndroidManifest.xml:342:13-45
	android:launchMode
		ADDED from src/main/AndroidManifest.xml:343:13-44
	android:windowSoftInputMode
		ADDED from src/main/AndroidManifest.xml:346:13-52
	android:configChanges
		ADDED from src/main/AndroidManifest.xml:341:13-74
	android:theme
		ADDED from src/main/AndroidManifest.xml:345:13-66
	android:name
		ADDED from src/main/AndroidManifest.xml:340:13-57
activity#com.ysp.houge.ui.me.meinfo.MeInfoActivity
ADDED from src/main/AndroidManifest.xml:348:9-352:78
	android:screenOrientation
		ADDED from src/main/AndroidManifest.xml:351:13-49
	android:label
		ADDED from src/main/AndroidManifest.xml:350:13-45
	android:theme
		ADDED from src/main/AndroidManifest.xml:352:13-66
	android:name
		ADDED from src/main/AndroidManifest.xml:349:13-69
activity#com.ysp.houge.ui.me.meinfo.MeInfoNicknameActivity
ADDED from src/main/AndroidManifest.xml:354:9-359:67
	android:screenOrientation
		ADDED from src/main/AndroidManifest.xml:357:13-49
	android:label
		ADDED from src/main/AndroidManifest.xml:356:13-45
	android:windowSoftInputMode
		ADDED from src/main/AndroidManifest.xml:359:13-55
	android:theme
		ADDED from src/main/AndroidManifest.xml:358:13-66
	android:name
		ADDED from src/main/AndroidManifest.xml:355:13-77
activity#com.ysp.houge.ui.me.meinfo.MeInfoSexActivity
ADDED from src/main/AndroidManifest.xml:361:9-365:78
	android:screenOrientation
		ADDED from src/main/AndroidManifest.xml:364:13-49
	android:label
		ADDED from src/main/AndroidManifest.xml:363:13-45
	android:theme
		ADDED from src/main/AndroidManifest.xml:365:13-66
	android:name
		ADDED from src/main/AndroidManifest.xml:362:13-72
activity#com.ysp.houge.ui.me.meinfo.auth.MeAuthenticationActivity
ADDED from src/main/AndroidManifest.xml:367:9-370:78
	android:screenOrientation
		ADDED from src/main/AndroidManifest.xml:369:13-49
	android:theme
		ADDED from src/main/AndroidManifest.xml:370:13-66
	android:name
		ADDED from src/main/AndroidManifest.xml:368:13-84
activity#com.ysp.houge.ui.me.setting.SettingActivity
ADDED from src/main/AndroidManifest.xml:372:9-376:78
	android:screenOrientation
		ADDED from src/main/AndroidManifest.xml:375:13-49
	android:label
		ADDED from src/main/AndroidManifest.xml:374:13-45
	android:theme
		ADDED from src/main/AndroidManifest.xml:376:13-66
	android:name
		ADDED from src/main/AndroidManifest.xml:373:13-71
activity#com.ysp.houge.ui.me.setting.FeedBackActivity
ADDED from src/main/AndroidManifest.xml:378:9-383:67
	android:screenOrientation
		ADDED from src/main/AndroidManifest.xml:381:13-49
	android:label
		ADDED from src/main/AndroidManifest.xml:380:13-45
	android:windowSoftInputMode
		ADDED from src/main/AndroidManifest.xml:383:13-55
	android:theme
		ADDED from src/main/AndroidManifest.xml:382:13-66
	android:name
		ADDED from src/main/AndroidManifest.xml:379:13-72
activity#com.ysp.houge.ui.me.setting.AboutUsActivity
ADDED from src/main/AndroidManifest.xml:385:9-389:78
	android:screenOrientation
		ADDED from src/main/AndroidManifest.xml:388:13-49
	android:label
		ADDED from src/main/AndroidManifest.xml:387:13-45
	android:theme
		ADDED from src/main/AndroidManifest.xml:389:13-66
	android:name
		ADDED from src/main/AndroidManifest.xml:386:13-71
activity#com.ysp.houge.ui.me.setting.ChangePasswordActivity
ADDED from src/main/AndroidManifest.xml:391:9-396:67
	android:screenOrientation
		ADDED from src/main/AndroidManifest.xml:394:13-49
	android:label
		ADDED from src/main/AndroidManifest.xml:393:13-45
	android:windowSoftInputMode
		ADDED from src/main/AndroidManifest.xml:396:13-55
	android:theme
		ADDED from src/main/AndroidManifest.xml:395:13-66
	android:name
		ADDED from src/main/AndroidManifest.xml:392:13-78
activity#com.ysp.houge.ui.message.SystemMessageActivity
ADDED from src/main/AndroidManifest.xml:398:9-402:78
	android:screenOrientation
		ADDED from src/main/AndroidManifest.xml:401:13-49
	android:label
		ADDED from src/main/AndroidManifest.xml:400:13-45
	android:theme
		ADDED from src/main/AndroidManifest.xml:402:13-66
	android:name
		ADDED from src/main/AndroidManifest.xml:399:13-74
activity#com.ysp.houge.ui.me.WebViewActivity